Using pre-set license
Built from '2020.3/staging' branch; Version is '2020.3.30f1 (1fb1bf06830e) revision 2077119'; Using compiler version '192528614'; Build Type 'Release'
OS: 'Windows 11  (10.0.22000) 64bit Core' Language: 'en' Physical Memory: 7918 MB
BatchMode: 1, IsHumanControllingUs: 0, StartBugReporterOnCrash: 0, Is64bit: 1, IsPro: 0

COMMAND LINE ARGUMENTS:
C:\Program Files\Unity 2020.3.30f1\Editor\Unity.exe
-adb2
-batchMode
-noUpm
-name
AssetImportWorker0
-projectPath
C:/Users/xintv/FPS2
-logFile
Logs/AssetImportWorker0.log
-srvPort
16465
Successfully changed project path to: C:/Users/xintv/FPS2
C:/Users/xintv/FPS2
Using Asset Import Pipeline V2.
Refreshing native plugins compatible for Editor in 75.00 ms, found 2 plugins.
Preloading 0 native plugins for Editor in 0.00 ms.
Initialize engine version: 2020.3.30f1 (1fb1bf06830e)
[Subsystems] Discovering subsystems at path C:/Program Files/Unity 2020.3.30f1/Editor/Data/Resources/UnitySubsystems
[Subsystems] Discovering subsystems at path C:/Users/xintv/FPS2/Assets
GfxDevice: creating device client; threaded=0
Direct3D:
    Version:  Direct3D 11.0 [level 11.1]
    Renderer: Intel(R) Iris(R) Xe Graphics (ID=0x9a49)
    Vendor:   
    VRAM:     3959 MB
    Driver:   30.0.100.9955
Initialize mono
Mono path[0] = 'C:/Program Files/Unity 2020.3.30f1/Editor/Data/Managed'
Mono path[1] = 'C:/Program Files/Unity 2020.3.30f1/Editor/Data/MonoBleedingEdge/lib/mono/unityjit'
Mono config path = 'C:/Program Files/Unity 2020.3.30f1/Editor/Data/MonoBleedingEdge/etc'
Using monoOptions --debugger-agent=transport=dt_socket,embedding=1,server=y,suspend=n,address=127.0.0.1:56880
Begin MonoManager ReloadAssembly
Registering precompiled unity dll's ...
Register platform support module: C:/Program Files/Unity 2020.3.30f1/Editor/Data/PlaybackEngines/WindowsStandaloneSupport/UnityEditor.WindowsStandalone.Extensions.dll
Registered in 0.001323 seconds.
Native extension for WindowsStandalone target not found
Refreshing native plugins compatible for Editor in 31.34 ms, found 2 plugins.
Preloading 0 native plugins for Editor in 0.00 ms.
Mono: successfully reloaded assembly
- Completed reload, in  0.575 seconds
Domain Reload Profiling:
	ReloadAssembly (575ms)
		BeginReloadAssembly (86ms)
			ExecutionOrderSort (0ms)
			DisableScriptedObjects (0ms)
			BackupInstance (0ms)
			ReleaseScriptingObjects (0ms)
			CreateAndSetChildDomain (1ms)
		EndReloadAssembly (424ms)
			LoadAssemblies (85ms)
			RebuildTransferFunctionScriptingTraits (0ms)
			SetupTypeCache (151ms)
			ReleaseScriptCaches (0ms)
			RebuildScriptCaches (27ms)
			SetupLoadedEditorAssemblies (143ms)
				LogAssemblyErrors (0ms)
				InitializePlatformSupportModulesInManaged (7ms)
				SetLoadedEditorAssemblies (0ms)
				RefreshPlugins (31ms)
				BeforeProcessingInitializeOnLoad (8ms)
				ProcessInitializeOnLoadAttributes (71ms)
				ProcessInitializeOnLoadMethodAttributes (26ms)
				AfterProcessingInitializeOnLoad (0ms)
				EditorAssembliesLoaded (0ms)
			ExecutionOrderSort2 (0ms)
			AwakeInstancesAfterBackupRestoration (0ms)
Platform modules already initialized, skipping
Registering precompiled user dll's ...
Registered in 0.002287 seconds.
Begin MonoManager ReloadAssembly
Native extension for WindowsStandalone target not found
Refreshing native plugins compatible for Editor in 0.30 ms, found 2 plugins.
Preloading 0 native plugins for Editor in 0.00 ms.
Mono: successfully reloaded assembly
- Completed reload, in  0.825 seconds
Domain Reload Profiling:
	ReloadAssembly (826ms)
		BeginReloadAssembly (121ms)
			ExecutionOrderSort (0ms)
			DisableScriptedObjects (5ms)
			BackupInstance (0ms)
			ReleaseScriptingObjects (0ms)
			CreateAndSetChildDomain (17ms)
		EndReloadAssembly (658ms)
			LoadAssemblies (82ms)
			RebuildTransferFunctionScriptingTraits (0ms)
			SetupTypeCache (221ms)
			ReleaseScriptCaches (0ms)
			RebuildScriptCaches (40ms)
			SetupLoadedEditorAssemblies (255ms)
				LogAssemblyErrors (0ms)
				InitializePlatformSupportModulesInManaged (3ms)
				SetLoadedEditorAssemblies (0ms)
				RefreshPlugins (0ms)
				BeforeProcessingInitializeOnLoad (46ms)
				ProcessInitializeOnLoadAttributes (195ms)
				ProcessInitializeOnLoadMethodAttributes (7ms)
				AfterProcessingInitializeOnLoad (4ms)
				EditorAssembliesLoaded (0ms)
			ExecutionOrderSort2 (0ms)
			AwakeInstancesAfterBackupRestoration (5ms)
Platform modules already initialized, skipping
========================================================================
Worker process is ready to serve import requests
Launched and connected shader compiler UnityShaderCompiler.exe after 0.08 seconds
Refreshing native plugins compatible for Editor in 0.30 ms, found 2 plugins.
Preloading 0 native plugins for Editor in 0.00 ms.
Unloading 1502 Unused Serialized files (Serialized files now loaded: 0)
System memory in use before: 68.8 MB.
System memory in use after: 68.9 MB.

Unloading 16 unused Assets to reduce memory usage. Loaded Objects now: 1937.
Total: 2.198800 ms (FindLiveObjects: 0.097900 ms CreateObjectMapping: 0.033200 ms MarkObjects: 2.003700 ms  DeleteObjects: 0.062900 ms)

AssetImportParameters requested are different than current active one (requested -> active):
  custom:framework-win-MediaFoundation: 216162199b28c13a410421893ffa2e32 -> 
  custom:video-decoder-ogg-theora: a1e56fd34408186e4bbccfd4996cb3dc -> 
  custom:container-muxer-webm: aa71ff27fc2769a1b78a27578f13a17b -> 
  custom:container-demuxer-webm: 4f35f7cbe854078d1ac9338744f61a02 -> 
  custom:container-demuxer-ogg: 62fdf1f143b41e24485cea50d1cbac27 -> 
  custom:video-encoder-webm-vp8: eb34c28f22e8b96e1ab97ce403110664 -> 
  custom:video-codec-MediaFoundation-h265: 746d11721c4dcdbdad8f713fa42b33f4 -> 
  custom:video-decoder-webm-vp8: 9c59270c3fd7afecdb556c50c9e8de78 -> 
  custom:audio-decoder-ogg-vorbis: bf7c407c2cedff20999df2af8eb42d56 -> 
  custom:audio-encoder-webm-vorbis: bf7c407c2cedff20999df2af8eb42d56 -> 
========================================================================
Received Import Request.
  path: Assets/Simple city plain/Material & Texture/Day.mat
  artifactKey: Guid(dfd5fe4561034804291bb92fffe808d9) Importer(815301076,1909f56bfc062723c751e8b465ee728b)
Start importing Assets/Simple city plain/Material & Texture/Day.mat using Guid(dfd5fe4561034804291bb92fffe808d9) Importer(815301076,1909f56bfc062723c751e8b465ee728b)  -> (artifact id: '7d46846f8c3e17d599c1671c1a2ed2bd') in 0.188634 seconds 
========================================================================
Received Import Request.
  Time since last request: 0.000952 seconds.
  path: Assets/Simple city plain/Material & Texture/Night.mat
  artifactKey: Guid(2693a75b9cc71fb4bae0674a2e512e59) Importer(815301076,1909f56bfc062723c751e8b465ee728b)
Start importing Assets/Simple city plain/Material & Texture/Night.mat using Guid(2693a75b9cc71fb4bae0674a2e512e59) Importer(815301076,1909f56bfc062723c751e8b465ee728b)  -> (artifact id: 'c89dffd64e2a56f755b3ba2b72f9efad') in 0.013495 seconds 
========================================================================
Received Import Request.
  Time since last request: 5.195044 seconds.
  path: Assets/Simple city plain/Material & Texture/color_windows
  artifactKey: Guid(78b377d81b1300248b8a44bf8b46ca01) Importer(815301076,1909f56bfc062723c751e8b465ee728b)
Start importing Assets/Simple city plain/Material & Texture/color_windows using Guid(78b377d81b1300248b8a44bf8b46ca01) Importer(815301076,1909f56bfc062723c751e8b465ee728b)  -> (artifact id: '02c591f15fa984f2215de05e14b14fd5') in 0.003995 seconds 
========================================================================
Received Import Request.
  Time since last request: 0.062988 seconds.
  path: Assets/Simple city plain/Material & Texture/color_windows/Windows light 1.mat
  artifactKey: Guid(d7636558dbd50f7429a53d5bc6352a44) Importer(815301076,1909f56bfc062723c751e8b465ee728b)
Start importing Assets/Simple city plain/Material & Texture/color_windows/Windows light 1.mat using Guid(d7636558dbd50f7429a53d5bc6352a44) Importer(815301076,1909f56bfc062723c751e8b465ee728b)  -> (artifact id: '51714a5bc326fd24f2cd5f1b3392357c') in 0.080662 seconds 
========================================================================
Received Import Request.
  Time since last request: 0.000393 seconds.
  path: Assets/Simple city plain/Material & Texture/color_windows/Windows light 2.mat
  artifactKey: Guid(763d547f29cebc443a26da20545010dd) Importer(815301076,1909f56bfc062723c751e8b465ee728b)
Start importing Assets/Simple city plain/Material & Texture/color_windows/Windows light 2.mat using Guid(763d547f29cebc443a26da20545010dd) Importer(815301076,1909f56bfc062723c751e8b465ee728b)  -> (artifact id: '0292858bab311ae1014fcd3e609af5af') in 0.013513 seconds 
========================================================================
Received Import Request.
  Time since last request: 0.000489 seconds.
  path: Assets/Simple city plain/Material & Texture/color_windows/Windows no light.mat
  artifactKey: Guid(26df91506bf83b343b8083c5322323ae) Importer(815301076,1909f56bfc062723c751e8b465ee728b)
Start importing Assets/Simple city plain/Material & Texture/color_windows/Windows no light.mat using Guid(26df91506bf83b343b8083c5322323ae) Importer(815301076,1909f56bfc062723c751e8b465ee728b)  -> (artifact id: 'e2548f987899503cbc07967be466c2cf') in 0.011785 seconds 
========================================================================
Received Import Request.
  Time since last request: 8.882161 seconds.
  path: Assets/Simple city plain/Material & Texture/Colors_buildings
  artifactKey: Guid(bf61a2997700b9e449a9c2898e7dbb81) Importer(815301076,1909f56bfc062723c751e8b465ee728b)
Start importing Assets/Simple city plain/Material & Texture/Colors_buildings using Guid(bf61a2997700b9e449a9c2898e7dbb81) Importer(815301076,1909f56bfc062723c751e8b465ee728b)  -> (artifact id: 'ef83abb35cceff33ee9d49d64e1817af') in 0.003328 seconds 
========================================================================
Received Import Request.
  Time since last request: 0.717920 seconds.
  path: Assets/Simple city plain/Material & Texture/Colors_buildings/A.mat
  artifactKey: Guid(3c98c150d6196ef419f666d71cf7d13f) Importer(815301076,1909f56bfc062723c751e8b465ee728b)
Start importing Assets/Simple city plain/Material & Texture/Colors_buildings/A.mat using Guid(3c98c150d6196ef419f666d71cf7d13f) Importer(815301076,1909f56bfc062723c751e8b465ee728b)  -> (artifact id: '05ac4f668d4b95b697808be6124c1184') in 0.009397 seconds 
========================================================================
Received Import Request.
  Time since last request: 0.000428 seconds.
  path: Assets/Simple city plain/Material & Texture/Colors_buildings/A2.mat
  artifactKey: Guid(5188c7492ef51d143a7128aa9700788a) Importer(815301076,1909f56bfc062723c751e8b465ee728b)
Start importing Assets/Simple city plain/Material & Texture/Colors_buildings/A2.mat using Guid(5188c7492ef51d143a7128aa9700788a) Importer(815301076,1909f56bfc062723c751e8b465ee728b)  -> (artifact id: '81617b1fa0b7bfad2262503e58c398fc') in 0.010570 seconds 
========================================================================
Received Import Request.
  Time since last request: 0.000545 seconds.
  path: Assets/Simple city plain/Material & Texture/Colors_buildings/C2.mat
  artifactKey: Guid(0510da7b3809d94478e8a6a4f562366e) Importer(815301076,1909f56bfc062723c751e8b465ee728b)
Start importing Assets/Simple city plain/Material & Texture/Colors_buildings/C2.mat using Guid(0510da7b3809d94478e8a6a4f562366e) Importer(815301076,1909f56bfc062723c751e8b465ee728b)  -> (artifact id: '7c6a42bfff1b5fbbe10215d2e5bc2df6') in 0.012934 seconds 
========================================================================
Received Import Request.
  Time since last request: 0.000330 seconds.
  path: Assets/Simple city plain/Material & Texture/Colors_buildings/A3.mat
  artifactKey: Guid(c4d3a0c81c5ffb34889379e1a1cf85bb) Importer(815301076,1909f56bfc062723c751e8b465ee728b)
Start importing Assets/Simple city plain/Material & Texture/Colors_buildings/A3.mat using Guid(c4d3a0c81c5ffb34889379e1a1cf85bb) Importer(815301076,1909f56bfc062723c751e8b465ee728b)  -> (artifact id: 'd5a6abd47bcf21d2edb83aabfb488c7e') in 0.013125 seconds 
========================================================================
Received Import Request.
  Time since last request: 0.000358 seconds.
  path: Assets/Simple city plain/Material & Texture/Colors_buildings/C1.mat
  artifactKey: Guid(b46491bf8bcc7974e9c5b185ed3a64df) Importer(815301076,1909f56bfc062723c751e8b465ee728b)
Start importing Assets/Simple city plain/Material & Texture/Colors_buildings/C1.mat using Guid(b46491bf8bcc7974e9c5b185ed3a64df) Importer(815301076,1909f56bfc062723c751e8b465ee728b)  -> (artifact id: 'eea2c784b72dd5e818c873405957677c') in 0.012837 seconds 
========================================================================
Received Import Request.
  Time since last request: 0.000349 seconds.
  path: Assets/Simple city plain/Material & Texture/Colors_buildings/A1.mat
  artifactKey: Guid(1af4b0d855a4f694baba51a55f5c6cc9) Importer(815301076,1909f56bfc062723c751e8b465ee728b)
Start importing Assets/Simple city plain/Material & Texture/Colors_buildings/A1.mat using Guid(1af4b0d855a4f694baba51a55f5c6cc9) Importer(815301076,1909f56bfc062723c751e8b465ee728b)  -> (artifact id: '199949df1be249e9fb79f064740a1bd4') in 0.020075 seconds 
========================================================================
Received Import Request.
  Time since last request: 0.000526 seconds.
  path: Assets/Simple city plain/Material & Texture/Colors_buildings/B2.mat
  artifactKey: Guid(792fa418de0281e4bab622f9a60c88b2) Importer(815301076,1909f56bfc062723c751e8b465ee728b)
Start importing Assets/Simple city plain/Material & Texture/Colors_buildings/B2.mat using Guid(792fa418de0281e4bab622f9a60c88b2) Importer(815301076,1909f56bfc062723c751e8b465ee728b)  -> (artifact id: '98e3ca8afd906aa68acf72093623bb24') in 0.013387 seconds 
========================================================================
Received Import Request.
  Time since last request: 0.000405 seconds.
  path: Assets/Simple city plain/Material & Texture/Colors_buildings/B1.mat
  artifactKey: Guid(b1aa805cd8c03914ea529c0d11595111) Importer(815301076,1909f56bfc062723c751e8b465ee728b)
Start importing Assets/Simple city plain/Material & Texture/Colors_buildings/B1.mat using Guid(b1aa805cd8c03914ea529c0d11595111) Importer(815301076,1909f56bfc062723c751e8b465ee728b)  -> (artifact id: '72dd0b4e247d6cfe5c459e0b032f2288') in 0.010986 seconds 
========================================================================
Received Import Request.
  Time since last request: 0.000315 seconds.
  path: Assets/Simple city plain/Material & Texture/Colors_buildings/B3.mat
  artifactKey: Guid(6654366d45d22054abd260171b0f7c04) Importer(815301076,1909f56bfc062723c751e8b465ee728b)
Start importing Assets/Simple city plain/Material & Texture/Colors_buildings/B3.mat using Guid(6654366d45d22054abd260171b0f7c04) Importer(815301076,1909f56bfc062723c751e8b465ee728b)  -> (artifact id: 'd70445e2df10b1e3978d2bd442388dde') in 0.013652 seconds 
========================================================================
Received Import Request.
  Time since last request: 1.345931 seconds.
  path: Assets/Simple city plain/Material & Texture/Colors_buildings/C3.mat
  artifactKey: Guid(91155d9f14bc7c24885accb7c3b9025f) Importer(815301076,1909f56bfc062723c751e8b465ee728b)
Start importing Assets/Simple city plain/Material & Texture/Colors_buildings/C3.mat using Guid(91155d9f14bc7c24885accb7c3b9025f) Importer(815301076,1909f56bfc062723c751e8b465ee728b)  -> (artifact id: 'dcadba6c882dfb2797506f92ab7dc037') in 0.014184 seconds 
========================================================================
Received Import Request.
  Time since last request: 0.000392 seconds.
  path: Assets/Simple city plain/Material & Texture/Colors_buildings/D1.mat
  artifactKey: Guid(be3dd0dbeba4e0e44b4a036604ec5247) Importer(815301076,1909f56bfc062723c751e8b465ee728b)
Start importing Assets/Simple city plain/Material & Texture/Colors_buildings/D1.mat using Guid(be3dd0dbeba4e0e44b4a036604ec5247) Importer(815301076,1909f56bfc062723c751e8b465ee728b)  -> (artifact id: '817819f1300496d0311916e3b7adf862') in 0.012125 seconds 
========================================================================
Received Import Request.
  Time since last request: 0.345658 seconds.
  path: Assets/Simple city plain/Material & Texture/Colors_buildings/D2.mat
  artifactKey: Guid(527a2f1bf2a8e6b44a73711edbc69733) Importer(815301076,1909f56bfc062723c751e8b465ee728b)
Start importing Assets/Simple city plain/Material & Texture/Colors_buildings/D2.mat using Guid(527a2f1bf2a8e6b44a73711edbc69733) Importer(815301076,1909f56bfc062723c751e8b465ee728b)  -> (artifact id: 'f138e5ddca74fcee6aa2987b947f0227') in 0.012325 seconds 
========================================================================
Received Import Request.
  Time since last request: 0.000192 seconds.
  path: Assets/Simple city plain/Material & Texture/Colors_buildings/D3.mat
  artifactKey: Guid(08e170aeffe61fd49b962982cf27cd52) Importer(815301076,1909f56bfc062723c751e8b465ee728b)
Start importing Assets/Simple city plain/Material & Texture/Colors_buildings/D3.mat using Guid(08e170aeffe61fd49b962982cf27cd52) Importer(815301076,1909f56bfc062723c751e8b465ee728b)  -> (artifact id: '019f09490bd3d6e1c9f844fadd844731') in 0.011626 seconds 
========================================================================
Received Import Request.
  Time since last request: 0.045161 seconds.
  path: Assets/Simple city plain/Material & Texture/Colors_buildings/E1.mat
  artifactKey: Guid(76d6265878226dc409ce872e24203b86) Importer(815301076,1909f56bfc062723c751e8b465ee728b)
Start importing Assets/Simple city plain/Material & Texture/Colors_buildings/E1.mat using Guid(76d6265878226dc409ce872e24203b86) Importer(815301076,1909f56bfc062723c751e8b465ee728b)  -> (artifact id: '669f814108a29862a4cd37416620899c') in 0.011415 seconds 
========================================================================
Received Import Request.
  Time since last request: 0.000485 seconds.
  path: Assets/Simple city plain/Material & Texture/Colors_buildings/E2.mat
  artifactKey: Guid(04ea80a7b7a8f25419eec6649973eba0) Importer(815301076,1909f56bfc062723c751e8b465ee728b)
Start importing Assets/Simple city plain/Material & Texture/Colors_buildings/E2.mat using Guid(04ea80a7b7a8f25419eec6649973eba0) Importer(815301076,1909f56bfc062723c751e8b465ee728b)  -> (artifact id: '1108a53fb18c69d3b1698404210f0513') in 0.013842 seconds 
========================================================================
Received Import Request.
  Time since last request: 0.292598 seconds.
  path: Assets/Simple city plain/Material & Texture/Colors_buildings/E3.mat
  artifactKey: Guid(4e806bb1fdee85a44aca49978bc274e7) Importer(815301076,1909f56bfc062723c751e8b465ee728b)
Start importing Assets/Simple city plain/Material & Texture/Colors_buildings/E3.mat using Guid(4e806bb1fdee85a44aca49978bc274e7) Importer(815301076,1909f56bfc062723c751e8b465ee728b)  -> (artifact id: '3e29c9076b98b81cbfa7463cb95512a1') in 0.014507 seconds 
========================================================================
Received Import Request.
  Time since last request: 0.000487 seconds.
  path: Assets/Simple city plain/Material & Texture/Colors_buildings/F1.mat
  artifactKey: Guid(0bce4c2bd5151644a8ec6f537140cbd6) Importer(815301076,1909f56bfc062723c751e8b465ee728b)
Start importing Assets/Simple city plain/Material & Texture/Colors_buildings/F1.mat using Guid(0bce4c2bd5151644a8ec6f537140cbd6) Importer(815301076,1909f56bfc062723c751e8b465ee728b)  -> (artifact id: '0bac2c693694032a653e8f769c1a9762') in 0.011429 seconds 
========================================================================
Received Import Request.
  Time since last request: 0.421987 seconds.
  path: Assets/Simple city plain/Material & Texture/Colors_buildings/F2.mat
  artifactKey: Guid(125b8e3d7d52f1a4a9341372677b8015) Importer(815301076,1909f56bfc062723c751e8b465ee728b)
Start importing Assets/Simple city plain/Material & Texture/Colors_buildings/F2.mat using Guid(125b8e3d7d52f1a4a9341372677b8015) Importer(815301076,1909f56bfc062723c751e8b465ee728b)  -> (artifact id: '0b5fd66d2b558eb7961e1a37998986ae') in 0.010352 seconds 
========================================================================
Received Import Request.
  Time since last request: 0.000627 seconds.
  path: Assets/Simple city plain/Material & Texture/Colors_buildings/F3.mat
  artifactKey: Guid(2d6209e982156604ea6d7c513bc7b774) Importer(815301076,1909f56bfc062723c751e8b465ee728b)
Start importing Assets/Simple city plain/Material & Texture/Colors_buildings/F3.mat using Guid(2d6209e982156604ea6d7c513bc7b774) Importer(815301076,1909f56bfc062723c751e8b465ee728b)  -> (artifact id: '13f9d47fd0f8036c3ed6477e0a72f437') in 0.015081 seconds 
========================================================================
Received Import Request.
  Time since last request: 0.245099 seconds.
  path: Assets/Simple city plain/Material & Texture/Colors_buildings/G1.mat
  artifactKey: Guid(73daffab7784ec040ba2d4d7302527f8) Importer(815301076,1909f56bfc062723c751e8b465ee728b)
Start importing Assets/Simple city plain/Material & Texture/Colors_buildings/G1.mat using Guid(73daffab7784ec040ba2d4d7302527f8) Importer(815301076,1909f56bfc062723c751e8b465ee728b)  -> (artifact id: 'ada63d70aeed51cbfd0c3f356dbf4e3e') in 0.011813 seconds 
========================================================================
Received Import Request.
  Time since last request: 0.000412 seconds.
  path: Assets/Simple city plain/Material & Texture/Colors_buildings/G2.mat
  artifactKey: Guid(8a92d92c33dbd87489558551e9ce75ce) Importer(815301076,1909f56bfc062723c751e8b465ee728b)
Start importing Assets/Simple city plain/Material & Texture/Colors_buildings/G2.mat using Guid(8a92d92c33dbd87489558551e9ce75ce) Importer(815301076,1909f56bfc062723c751e8b465ee728b)  -> (artifact id: '4987d8e8882f008d74d049e5164333fe') in 0.011334 seconds 
========================================================================
Received Import Request.
  Time since last request: 0.072367 seconds.
  path: Assets/Simple city plain/Material & Texture/Colors_buildings/G3.mat
  artifactKey: Guid(ed6309fcf2465f8459ee0d575167c0ed) Importer(815301076,1909f56bfc062723c751e8b465ee728b)
Start importing Assets/Simple city plain/Material & Texture/Colors_buildings/G3.mat using Guid(ed6309fcf2465f8459ee0d575167c0ed) Importer(815301076,1909f56bfc062723c751e8b465ee728b)  -> (artifact id: '6afcd40efdf0a07d068d917f03dc743c') in 0.010891 seconds 
========================================================================
Received Import Request.
  Time since last request: 0.000455 seconds.
  path: Assets/Simple city plain/Material & Texture/Colors_buildings/H1.mat
  artifactKey: Guid(764481942b4df2a40857026c71dfae1f) Importer(815301076,1909f56bfc062723c751e8b465ee728b)
Start importing Assets/Simple city plain/Material & Texture/Colors_buildings/H1.mat using Guid(764481942b4df2a40857026c71dfae1f) Importer(815301076,1909f56bfc062723c751e8b465ee728b)  -> (artifact id: '7f3a04c1e8e10ded8f4108bb8bf3b6b7') in 0.012443 seconds 
========================================================================
Received Import Request.
  Time since last request: 1.653642 seconds.
  path: Assets/Simple city plain/Material & Texture/Colors_buildings/H2.mat
  artifactKey: Guid(6f227c8592ad80a41be32efd278da65a) Importer(815301076,1909f56bfc062723c751e8b465ee728b)
Start importing Assets/Simple city plain/Material & Texture/Colors_buildings/H2.mat using Guid(6f227c8592ad80a41be32efd278da65a) Importer(815301076,1909f56bfc062723c751e8b465ee728b)  -> (artifact id: 'ff32f3389785028fe7aefacbab393cd4') in 0.013896 seconds 
========================================================================
Received Import Request.
  Time since last request: 0.000321 seconds.
  path: Assets/Simple city plain/Material & Texture/Colors_buildings/H3.mat
  artifactKey: Guid(9db90062b4af0004b94c5754b65e4379) Importer(815301076,1909f56bfc062723c751e8b465ee728b)
Start importing Assets/Simple city plain/Material & Texture/Colors_buildings/H3.mat using Guid(9db90062b4af0004b94c5754b65e4379) Importer(815301076,1909f56bfc062723c751e8b465ee728b)  -> (artifact id: '978c4e7e14de91a3b866b05a85cc1221') in 0.011992 seconds 
========================================================================
Received Import Request.
  Time since last request: 0.335019 seconds.
  path: Assets/Simple city plain/Material & Texture/Colors_buildings/I1.mat
  artifactKey: Guid(09bb7389d12b7fe4cb01b4d2afb6b0a7) Importer(815301076,1909f56bfc062723c751e8b465ee728b)
Start importing Assets/Simple city plain/Material & Texture/Colors_buildings/I1.mat using Guid(09bb7389d12b7fe4cb01b4d2afb6b0a7) Importer(815301076,1909f56bfc062723c751e8b465ee728b)  -> (artifact id: 'bc5123fc45f286144d8dbfe65a7f0ec9') in 0.011984 seconds 
========================================================================
Received Import Request.
  Time since last request: 0.000355 seconds.
  path: Assets/Simple city plain/Material & Texture/Colors_buildings/I2.mat
  artifactKey: Guid(cea0c4191eb5cb440aa5355d44958681) Importer(815301076,1909f56bfc062723c751e8b465ee728b)
Start importing Assets/Simple city plain/Material & Texture/Colors_buildings/I2.mat using Guid(cea0c4191eb5cb440aa5355d44958681) Importer(815301076,1909f56bfc062723c751e8b465ee728b)  -> (artifact id: 'e7e1c4ca36e46e0b2b96421cca7babbd') in 0.013048 seconds 
========================================================================
Received Import Request.
  Time since last request: 0.044094 seconds.
  path: Assets/Simple city plain/Material & Texture/Colors_buildings/I3.mat
  artifactKey: Guid(ce22e4b8667c6c4498256004a51def48) Importer(815301076,1909f56bfc062723c751e8b465ee728b)
Start importing Assets/Simple city plain/Material & Texture/Colors_buildings/I3.mat using Guid(ce22e4b8667c6c4498256004a51def48) Importer(815301076,1909f56bfc062723c751e8b465ee728b)  -> (artifact id: '90c9fadcffb3beb916da67f729807273') in 0.009373 seconds 
========================================================================
Received Import Request.
  Time since last request: 0.000468 seconds.
  path: Assets/Simple city plain/Material & Texture/Colors_buildings/J1.mat
  artifactKey: Guid(8bf8e8eb3c4ec9c4e9f79488c39bff59) Importer(815301076,1909f56bfc062723c751e8b465ee728b)
Start importing Assets/Simple city plain/Material & Texture/Colors_buildings/J1.mat using Guid(8bf8e8eb3c4ec9c4e9f79488c39bff59) Importer(815301076,1909f56bfc062723c751e8b465ee728b)  -> (artifact id: '1b7c0083848eac97adf0e3b90280afce') in 0.012826 seconds 
========================================================================
Received Import Request.
  Time since last request: 0.394066 seconds.
  path: Assets/Simple city plain/Material & Texture/Colors_buildings/J2.mat
  artifactKey: Guid(fe6ba248f97095d49869fcb5611b50d4) Importer(815301076,1909f56bfc062723c751e8b465ee728b)
Start importing Assets/Simple city plain/Material & Texture/Colors_buildings/J2.mat using Guid(fe6ba248f97095d49869fcb5611b50d4) Importer(815301076,1909f56bfc062723c751e8b465ee728b)  -> (artifact id: '8ce52486a573ee0b4e2a3fbc2684c509') in 0.011295 seconds 
========================================================================
Received Import Request.
  Time since last request: 0.000273 seconds.
  path: Assets/Simple city plain/Material & Texture/Colors_buildings/J3.mat
  artifactKey: Guid(5fd1fed63457bc14abea612957703653) Importer(815301076,1909f56bfc062723c751e8b465ee728b)
Start importing Assets/Simple city plain/Material & Texture/Colors_buildings/J3.mat using Guid(5fd1fed63457bc14abea612957703653) Importer(815301076,1909f56bfc062723c751e8b465ee728b)  -> (artifact id: '4ab7d104c5044aa465cca679d055b4ac') in 0.011299 seconds 
========================================================================
Received Import Request.
  Time since last request: 0.033051 seconds.
  path: Assets/Simple city plain/Material & Texture/Colors_buildings/K1.mat
  artifactKey: Guid(1a0dec1fa084e1b4abd7c6cf33e568ff) Importer(815301076,1909f56bfc062723c751e8b465ee728b)
Start importing Assets/Simple city plain/Material & Texture/Colors_buildings/K1.mat using Guid(1a0dec1fa084e1b4abd7c6cf33e568ff) Importer(815301076,1909f56bfc062723c751e8b465ee728b)  -> (artifact id: '2ab0a3142537835721ef11afcfe4da21') in 0.009717 seconds 
========================================================================
Received Import Request.
  Time since last request: 0.000462 seconds.
  path: Assets/Simple city plain/Material & Texture/Colors_buildings/K2.mat
  artifactKey: Guid(0b5ab4b8a0e43004ba5e294fbe6cf73a) Importer(815301076,1909f56bfc062723c751e8b465ee728b)
Start importing Assets/Simple city plain/Material & Texture/Colors_buildings/K2.mat using Guid(0b5ab4b8a0e43004ba5e294fbe6cf73a) Importer(815301076,1909f56bfc062723c751e8b465ee728b)  -> (artifact id: 'a742b9e8fdef55bd5d6199e40046cb63') in 0.011838 seconds 
========================================================================
Received Import Request.
  Time since last request: 0.761570 seconds.
  path: Assets/Simple city plain/Material & Texture/Colors_buildings/K3.mat
  artifactKey: Guid(623f2cfcc0ce09149a6f467ad4256295) Importer(815301076,1909f56bfc062723c751e8b465ee728b)
Start importing Assets/Simple city plain/Material & Texture/Colors_buildings/K3.mat using Guid(623f2cfcc0ce09149a6f467ad4256295) Importer(815301076,1909f56bfc062723c751e8b465ee728b)  -> (artifact id: '115568b2615eb209da7fa3b015c7015b') in 0.009447 seconds 
========================================================================
Received Import Request.
  Time since last request: 0.000405 seconds.
  path: Assets/Simple city plain/Material & Texture/Colors_buildings/K4.mat
  artifactKey: Guid(711bad159df31524ca17958a0c56fbf5) Importer(815301076,1909f56bfc062723c751e8b465ee728b)
Start importing Assets/Simple city plain/Material & Texture/Colors_buildings/K4.mat using Guid(711bad159df31524ca17958a0c56fbf5) Importer(815301076,1909f56bfc062723c751e8b465ee728b)  -> (artifact id: '5c48e17e9863e96b326c1082c7feaf95') in 0.014555 seconds 
========================================================================
Received Import Request.
  Time since last request: 0.020606 seconds.
  path: Assets/Simple city plain/Material & Texture/Colors_buildings/k5.mat
  artifactKey: Guid(e495abf6588a1b944a3620fd1fee2b07) Importer(815301076,1909f56bfc062723c751e8b465ee728b)
Start importing Assets/Simple city plain/Material & Texture/Colors_buildings/k5.mat using Guid(e495abf6588a1b944a3620fd1fee2b07) Importer(815301076,1909f56bfc062723c751e8b465ee728b)  -> (artifact id: '4d700485c7554330da86df1930d92537') in 0.010856 seconds 
========================================================================
Received Import Request.
  Time since last request: 0.000377 seconds.
  path: Assets/Simple city plain/Material & Texture/Colors_buildings/K6.mat
  artifactKey: Guid(ee406a0d2cd53e046b9c7bcfdcc189a7) Importer(815301076,1909f56bfc062723c751e8b465ee728b)
Start importing Assets/Simple city plain/Material & Texture/Colors_buildings/K6.mat using Guid(ee406a0d2cd53e046b9c7bcfdcc189a7) Importer(815301076,1909f56bfc062723c751e8b465ee728b)  -> (artifact id: '922aa176176faca18d2f3d603aecde37') in 0.011916 seconds 
========================================================================
Received Import Request.
  Time since last request: 1.255274 seconds.
  path: Assets/Simple city plain/Material & Texture/Colors_buildings/K7.mat
  artifactKey: Guid(2100b85841ac32940a50ec36409b49c0) Importer(815301076,1909f56bfc062723c751e8b465ee728b)
Start importing Assets/Simple city plain/Material & Texture/Colors_buildings/K7.mat using Guid(2100b85841ac32940a50ec36409b49c0) Importer(815301076,1909f56bfc062723c751e8b465ee728b)  -> (artifact id: '171d207694d9672f9d2a684efc67b40e') in 0.010731 seconds 
========================================================================
Received Import Request.
  Time since last request: 0.000239 seconds.
  path: Assets/Simple city plain/Material & Texture/Colors_buildings/K8.mat
  artifactKey: Guid(4a68a0cfc4d91c447b2fe408cb8e7dca) Importer(815301076,1909f56bfc062723c751e8b465ee728b)
Start importing Assets/Simple city plain/Material & Texture/Colors_buildings/K8.mat using Guid(4a68a0cfc4d91c447b2fe408cb8e7dca) Importer(815301076,1909f56bfc062723c751e8b465ee728b)  -> (artifact id: '19e4a1173b27ff7ca2129d7569fa17f9') in 0.015384 seconds 
========================================================================
Received Import Request.
  Time since last request: 10.314628 seconds.
  path: Assets/Simple city plain/Material & Texture/Material mesh
  artifactKey: Guid(c3579caf36429794f9ba06747eeab259) Importer(815301076,1909f56bfc062723c751e8b465ee728b)
Start importing Assets/Simple city plain/Material & Texture/Material mesh using Guid(c3579caf36429794f9ba06747eeab259) Importer(815301076,1909f56bfc062723c751e8b465ee728b)  -> (artifact id: '9785c1c4e39f45d7b3e4d3a1fc78e631') in 0.002597 seconds 
========================================================================
Received Import Request.
  Time since last request: 0.059361 seconds.
  path: Assets/Simple city plain/Material & Texture/Material mesh/Bench texture.png
  artifactKey: Guid(9a4a04b84933213428ed33e0c31813b7) Importer(815301076,1909f56bfc062723c751e8b465ee728b)
Start importing Assets/Simple city plain/Material & Texture/Material mesh/Bench texture.png using Guid(9a4a04b84933213428ed33e0c31813b7) Importer(815301076,1909f56bfc062723c751e8b465ee728b)  -> (artifact id: '186b4d8951027c942b9ae5cb426041c9') in 0.031532 seconds 
========================================================================
Received Import Request.
  Time since last request: 0.000374 seconds.
  path: Assets/Simple city plain/Material & Texture/Material mesh/gas pump.mat
  artifactKey: Guid(1f3aed826d0deb142ae61d35be7f4ff8) Importer(815301076,1909f56bfc062723c751e8b465ee728b)
Start importing Assets/Simple city plain/Material & Texture/Material mesh/gas pump.mat using Guid(1f3aed826d0deb142ae61d35be7f4ff8) Importer(815301076,1909f56bfc062723c751e8b465ee728b)  -> (artifact id: 'c183342ade563aacdf75da2865743fac') in 0.025557 seconds 
========================================================================
Received Import Request.
  Time since last request: 0.000387 seconds.
  path: Assets/Simple city plain/Material & Texture/Material mesh/big trash bin texture.png
  artifactKey: Guid(cb629d531f414f64288cca236d43f674) Importer(815301076,1909f56bfc062723c751e8b465ee728b)
Start importing Assets/Simple city plain/Material & Texture/Material mesh/big trash bin texture.png using Guid(cb629d531f414f64288cca236d43f674) Importer(815301076,1909f56bfc062723c751e8b465ee728b)  -> (artifact id: '315ec34a77b113c9387cce24f992b7e0') in 0.008686 seconds 
========================================================================
Received Import Request.
  Time since last request: 0.000493 seconds.
  path: Assets/Simple city plain/Material & Texture/Material mesh/coke_machine_texture.png
  artifactKey: Guid(1936ed2defc3a7f4b906965a34d00aaf) Importer(815301076,1909f56bfc062723c751e8b465ee728b)
Start importing Assets/Simple city plain/Material & Texture/Material mesh/coke_machine_texture.png using Guid(1936ed2defc3a7f4b906965a34d00aaf) Importer(815301076,1909f56bfc062723c751e8b465ee728b)  -> (artifact id: 'afc59dc3a84bcb9e6664b60367e9d40b') in 0.015485 seconds 
========================================================================
Received Import Request.
  Time since last request: 0.000500 seconds.
  path: Assets/Simple city plain/Material & Texture/Material mesh/Dirt.mat
  artifactKey: Guid(9b0509cf5979e03459b722142113657c) Importer(815301076,1909f56bfc062723c751e8b465ee728b)
Start importing Assets/Simple city plain/Material & Texture/Material mesh/Dirt.mat using Guid(9b0509cf5979e03459b722142113657c) Importer(815301076,1909f56bfc062723c751e8b465ee728b)  -> (artifact id: '411ab4b235de1d01484faf001aacf702') in 0.017254 seconds 
========================================================================
Received Import Request.
  Time since last request: 0.000233 seconds.
  path: Assets/Simple city plain/Material & Texture/Material mesh/bench.mat
  artifactKey: Guid(0cfe2f16ddac5b04b8acda9e8f8cb3ee) Importer(815301076,1909f56bfc062723c751e8b465ee728b)
Start importing Assets/Simple city plain/Material & Texture/Material mesh/bench.mat using Guid(0cfe2f16ddac5b04b8acda9e8f8cb3ee) Importer(815301076,1909f56bfc062723c751e8b465ee728b)  -> (artifact id: '43e360c068d8b8c4aefa380bbaf410a7') in 0.014207 seconds 
========================================================================
Received Import Request.
  Time since last request: 0.000378 seconds.
  path: Assets/Simple city plain/Material & Texture/Material mesh/ColaMachine.mat
  artifactKey: Guid(439eb576ca1364e47a9cda1cab72e5dd) Importer(815301076,1909f56bfc062723c751e8b465ee728b)
Start importing Assets/Simple city plain/Material & Texture/Material mesh/ColaMachine.mat using Guid(439eb576ca1364e47a9cda1cab72e5dd) Importer(815301076,1909f56bfc062723c751e8b465ee728b)  -> (artifact id: 'd5b6de18838e0de2432ce9f9cecabd19') in 0.017584 seconds 
========================================================================
Received Import Request.
  Time since last request: 0.000347 seconds.
  path: Assets/Simple city plain/Material & Texture/Material mesh/Big_trash_bin.mat
  artifactKey: Guid(b6e4dbecc938a2948b3839b7d1409514) Importer(815301076,1909f56bfc062723c751e8b465ee728b)
Start importing Assets/Simple city plain/Material & Texture/Material mesh/Big_trash_bin.mat using Guid(b6e4dbecc938a2948b3839b7d1409514) Importer(815301076,1909f56bfc062723c751e8b465ee728b)  -> (artifact id: '56f03adbb5d5a6e1e044f0e3d67d123e') in 0.020177 seconds 
========================================================================
Received Import Request.
  Time since last request: 0.000414 seconds.
  path: Assets/Simple city plain/Material & Texture/Material mesh/dirt.png
  artifactKey: Guid(d90409e4a3fae7f46bbf0450da252846) Importer(815301076,1909f56bfc062723c751e8b465ee728b)
Start importing Assets/Simple city plain/Material & Texture/Material mesh/dirt.png using Guid(d90409e4a3fae7f46bbf0450da252846) Importer(815301076,1909f56bfc062723c751e8b465ee728b)  -> (artifact id: 'e8212414adb685297f8c5a546d66d9e5') in 0.009067 seconds 
========================================================================
Received Import Request.
  Time since last request: 1.641709 seconds.
  path: Assets/Simple city plain/Material & Texture/Material mesh/Gas_pump_texture.png
  artifactKey: Guid(eb51553d840fc824a9b6b45fefb28750) Importer(815301076,1909f56bfc062723c751e8b465ee728b)
Start importing Assets/Simple city plain/Material & Texture/Material mesh/Gas_pump_texture.png using Guid(eb51553d840fc824a9b6b45fefb28750) Importer(815301076,1909f56bfc062723c751e8b465ee728b)  -> (artifact id: '8d6b43716d02f2b4e590ca0b0ac793ae') in 0.025783 seconds 
========================================================================
Received Import Request.
  Time since last request: 0.000338 seconds.
  path: Assets/Simple city plain/Material & Texture/Material mesh/grass.mat
  artifactKey: Guid(9904cd0f6245e884999431c0bdf22fef) Importer(815301076,1909f56bfc062723c751e8b465ee728b)
Start importing Assets/Simple city plain/Material & Texture/Material mesh/grass.mat using Guid(9904cd0f6245e884999431c0bdf22fef) Importer(815301076,1909f56bfc062723c751e8b465ee728b)  -> (artifact id: 'cb8e66057d1b4a0436e673672f4bb951') in 0.017719 seconds 
========================================================================
Received Import Request.
  Time since last request: 0.026911 seconds.
  path: Assets/Simple city plain/Material & Texture/Material mesh/grass.png
  artifactKey: Guid(761fcc9b74a11dc4097e656edc402314) Importer(815301076,1909f56bfc062723c751e8b465ee728b)
Start importing Assets/Simple city plain/Material & Texture/Material mesh/grass.png using Guid(761fcc9b74a11dc4097e656edc402314) Importer(815301076,1909f56bfc062723c751e8b465ee728b)  -> (artifact id: 'ef96e99a619f0e266c51c679d1f4d59e') in 0.008534 seconds 
========================================================================
Received Import Request.
  Time since last request: 0.000386 seconds.
  path: Assets/Simple city plain/Material & Texture/Material mesh/Grid.mat
  artifactKey: Guid(f2f02f2d34418854d80798cb0fa82bc7) Importer(815301076,1909f56bfc062723c751e8b465ee728b)
Start importing Assets/Simple city plain/Material & Texture/Material mesh/Grid.mat using Guid(f2f02f2d34418854d80798cb0fa82bc7) Importer(815301076,1909f56bfc062723c751e8b465ee728b)  -> (artifact id: 'b8a0da021bea85980de3361c527dd927') in 0.024315 seconds 
========================================================================
Received Import Request.
  Time since last request: 2.707308 seconds.
  path: Assets/Simple city plain/Material & Texture/Material mesh/grid.png
  artifactKey: Guid(9922cb1c199ed85459518a9fea40e481) Importer(815301076,1909f56bfc062723c751e8b465ee728b)
Start importing Assets/Simple city plain/Material & Texture/Material mesh/grid.png using Guid(9922cb1c199ed85459518a9fea40e481) Importer(815301076,1909f56bfc062723c751e8b465ee728b)  -> (artifact id: '80f3a3e5deaea275ca4d30b09134e951') in 0.010840 seconds 
========================================================================
Received Import Request.
  Time since last request: 0.000605 seconds.
  path: Assets/Simple city plain/Material & Texture/Material mesh/Hydrant.mat
  artifactKey: Guid(84656e979de647d48a1dffd409494192) Importer(815301076,1909f56bfc062723c751e8b465ee728b)
Start importing Assets/Simple city plain/Material & Texture/Material mesh/Hydrant.mat using Guid(84656e979de647d48a1dffd409494192) Importer(815301076,1909f56bfc062723c751e8b465ee728b)  -> (artifact id: '49ab946742a35e56545eafcc13aa4ce7') in 0.012125 seconds 
========================================================================
Received Import Request.
  Time since last request: 2.461744 seconds.
  path: Assets/Simple city plain/Material & Texture/Material mesh/leafes tree 1.png
  artifactKey: Guid(d77ac9832e1f7ce4e8ad8e45903243e6) Importer(815301076,1909f56bfc062723c751e8b465ee728b)
Start importing Assets/Simple city plain/Material & Texture/Material mesh/leafes tree 1.png using Guid(d77ac9832e1f7ce4e8ad8e45903243e6) Importer(815301076,1909f56bfc062723c751e8b465ee728b)  -> (artifact id: '1da7f4dfd949292a4d4103de993f1b5b') in 0.014877 seconds 
========================================================================
Received Import Request.
  Time since last request: 0.000231 seconds.
  path: Assets/Simple city plain/Material & Texture/Material mesh/pot_plant_leaf.png
  artifactKey: Guid(cf21488ffdf03a249b361ac7b5f2d5f5) Importer(815301076,1909f56bfc062723c751e8b465ee728b)
Start importing Assets/Simple city plain/Material & Texture/Material mesh/pot_plant_leaf.png using Guid(cf21488ffdf03a249b361ac7b5f2d5f5) Importer(815301076,1909f56bfc062723c751e8b465ee728b)  -> (artifact id: '560fa38e0120e63b4360aa0428548326') in 0.012792 seconds 
========================================================================
Received Import Request.
  Time since last request: 286.684188 seconds.
  path: Assets/Simple city plain/Material & Texture/Colors_buildings/K9.mat
  artifactKey: Guid(8d368d2c617522b4f8385162f26cacfa) Importer(815301076,1909f56bfc062723c751e8b465ee728b)
Start importing Assets/Simple city plain/Material & Texture/Colors_buildings/K9.mat using Guid(8d368d2c617522b4f8385162f26cacfa) Importer(815301076,1909f56bfc062723c751e8b465ee728b)  -> (artifact id: 'e3c1a51d1b893410020f651f47d1a84f') in 0.015184 seconds 
========================================================================
Received Import Request.
  Time since last request: 0.000569 seconds.
  path: Assets/Simple city plain/Material & Texture/Colors_buildings/K10.mat
  artifactKey: Guid(bdcbb625d2db6d344907f63d3439281d) Importer(815301076,1909f56bfc062723c751e8b465ee728b)
Start importing Assets/Simple city plain/Material & Texture/Colors_buildings/K10.mat using Guid(bdcbb625d2db6d344907f63d3439281d) Importer(815301076,1909f56bfc062723c751e8b465ee728b)  -> (artifact id: '2803c64ad6e9a3db721c6f4400da01c3') in 0.011032 seconds 
========================================================================
Received Import Request.
  Time since last request: 0.266777 seconds.
  path: Assets/Simple city plain/Material & Texture/Colors_buildings/k11.mat
  artifactKey: Guid(a7f2d3722f408d146b37cba315bc996f) Importer(815301076,1909f56bfc062723c751e8b465ee728b)
Start importing Assets/Simple city plain/Material & Texture/Colors_buildings/k11.mat using Guid(a7f2d3722f408d146b37cba315bc996f) Importer(815301076,1909f56bfc062723c751e8b465ee728b)  -> (artifact id: '2765b9372a1e9f354b35f50d62483120') in 0.009756 seconds 
========================================================================
Received Import Request.
  Time since last request: 0.001240 seconds.
  path: Assets/Simple city plain/Material & Texture/Colors_buildings/k12.mat
  artifactKey: Guid(8d50894cec04b584c99d0e15c717bf2e) Importer(815301076,1909f56bfc062723c751e8b465ee728b)
Start importing Assets/Simple city plain/Material & Texture/Colors_buildings/k12.mat using Guid(8d50894cec04b584c99d0e15c717bf2e) Importer(815301076,1909f56bfc062723c751e8b465ee728b)  -> (artifact id: '883d18afa4bbf1f0ba62f7b4f227e5c4') in 0.016865 seconds 
========================================================================
Received Import Request.
  Time since last request: 0.005190 seconds.
  path: Assets/Simple city plain/Material & Texture/Colors_buildings/K13.mat
  artifactKey: Guid(385015333524c4947bf237c08e46d007) Importer(815301076,1909f56bfc062723c751e8b465ee728b)
Start importing Assets/Simple city plain/Material & Texture/Colors_buildings/K13.mat using Guid(385015333524c4947bf237c08e46d007) Importer(815301076,1909f56bfc062723c751e8b465ee728b)  -> (artifact id: 'eae2be3ca495eb1518bb41d12058f5ce') in 0.015323 seconds 
========================================================================
Received Prepare
Refreshing native plugins compatible for Editor in 4.69 ms, found 2 plugins.
Preloading 0 native plugins for Editor in 0.00 ms.
Unloading 9 Unused Serialized files (Serialized files now loaded: 0)
System memory in use before: 42.8 MB.
System memory in use after: 42.9 MB.

Unloading 9 unused Assets to reduce memory usage. Loaded Objects now: 1981.
Total: 4.702600 ms (FindLiveObjects: 0.270100 ms CreateObjectMapping: 0.081000 ms MarkObjects: 4.331800 ms  DeleteObjects: 0.018500 ms)

AssetImportParameters requested are different than current active one (requested -> active):
  custom:framework-win-MediaFoundation: 216162199b28c13a410421893ffa2e32 -> 
  custom:video-decoder-ogg-theora: a1e56fd34408186e4bbccfd4996cb3dc -> 
  custom:container-muxer-webm: aa71ff27fc2769a1b78a27578f13a17b -> 
  custom:container-demuxer-webm: 4f35f7cbe854078d1ac9338744f61a02 -> 
  custom:container-demuxer-ogg: 62fdf1f143b41e24485cea50d1cbac27 -> 
  custom:video-encoder-webm-vp8: eb34c28f22e8b96e1ab97ce403110664 -> 
  custom:video-codec-MediaFoundation-h265: 746d11721c4dcdbdad8f713fa42b33f4 -> 
  custom:video-decoder-webm-vp8: 9c59270c3fd7afecdb556c50c9e8de78 -> 
  custom:audio-decoder-ogg-vorbis: bf7c407c2cedff20999df2af8eb42d56 -> 
  custom:audio-encoder-webm-vorbis: bf7c407c2cedff20999df2af8eb42d56 -> 
========================================================================
Received Import Request.
  Time since last request: 32.618146 seconds.
  path: Assets/Simple city plain/Material & Texture/Material mesh/Pot_tree.mat
  artifactKey: Guid(3b40b8ee00299524ea7fc922043f7454) Importer(815301076,1909f56bfc062723c751e8b465ee728b)
Start importing Assets/Simple city plain/Material & Texture/Material mesh/Pot_tree.mat using Guid(3b40b8ee00299524ea7fc922043f7454) Importer(815301076,1909f56bfc062723c751e8b465ee728b)  -> (artifact id: 'd09ff1fe222ae0d1f0f59c519434965b') in 0.014800 seconds 
========================================================================
Received Import Request.
  Time since last request: 8.563049 seconds.
  path: Assets/Simple city plain/Material & Texture/Material mesh/shop b.mat
  artifactKey: Guid(d2ece15c27b1b3e42af178de8034e3be) Importer(815301076,1909f56bfc062723c751e8b465ee728b)
Start importing Assets/Simple city plain/Material & Texture/Material mesh/shop b.mat using Guid(d2ece15c27b1b3e42af178de8034e3be) Importer(815301076,1909f56bfc062723c751e8b465ee728b)  -> (artifact id: 'a6abf27c828ae139949e0366acd2a419') in 0.024389 seconds 
========================================================================
Received Import Request.
  Time since last request: 0.000191 seconds.
  path: Assets/Simple city plain/Material & Texture/Material mesh/Shop_B_Texture.png
  artifactKey: Guid(2d0557711b6926441b57384036df45a9) Importer(815301076,1909f56bfc062723c751e8b465ee728b)
Start importing Assets/Simple city plain/Material & Texture/Material mesh/Shop_B_Texture.png using Guid(2d0557711b6926441b57384036df45a9) Importer(815301076,1909f56bfc062723c751e8b465ee728b)  -> (artifact id: 'b02ea7500b80adf23e8d70806dd326b9') in 0.019092 seconds 
========================================================================
Received Import Request.
  Time since last request: 0.002105 seconds.
  path: Assets/Simple city plain/Material & Texture/Material mesh/Sidewalk_texture.png
  artifactKey: Guid(1128a08027af2aa4eb774377b46c3064) Importer(815301076,1909f56bfc062723c751e8b465ee728b)
Start importing Assets/Simple city plain/Material & Texture/Material mesh/Sidewalk_texture.png using Guid(1128a08027af2aa4eb774377b46c3064) Importer(815301076,1909f56bfc062723c751e8b465ee728b)  -> (artifact id: '69be4d09ebd6d7a57e4607408fd19833') in 0.011018 seconds 
========================================================================
Received Import Request.
  Time since last request: 0.000289 seconds.
  path: Assets/Simple city plain/Material & Texture/Material mesh/SideWay.mat
  artifactKey: Guid(826ead3abf95f194996cb8156de6f671) Importer(815301076,1909f56bfc062723c751e8b465ee728b)
Start importing Assets/Simple city plain/Material & Texture/Material mesh/SideWay.mat using Guid(826ead3abf95f194996cb8156de6f671) Importer(815301076,1909f56bfc062723c751e8b465ee728b)  -> (artifact id: 'bb5da785d2fdbe9fccde3e259e9fb735') in 0.015317 seconds 
========================================================================
Received Import Request.
  Time since last request: 5.574690 seconds.
  path: Assets/Simple city plain/Material & Texture/Material mesh/street 3.mat
  artifactKey: Guid(7e20040aa26e36443b2ae6d45e7b8ff6) Importer(815301076,1909f56bfc062723c751e8b465ee728b)
Start importing Assets/Simple city plain/Material & Texture/Material mesh/street 3.mat using Guid(7e20040aa26e36443b2ae6d45e7b8ff6) Importer(815301076,1909f56bfc062723c751e8b465ee728b)  -> (artifact id: '1e6581b1b8f2b294224710781f279762') in 0.018325 seconds 
========================================================================
Received Import Request.
  Time since last request: 0.000706 seconds.
  path: Assets/Simple city plain/Material & Texture/Material mesh/Street_03.png
  artifactKey: Guid(16380d10f7bec4543adccda1aeb700f0) Importer(815301076,1909f56bfc062723c751e8b465ee728b)
Start importing Assets/Simple city plain/Material & Texture/Material mesh/Street_03.png using Guid(16380d10f7bec4543adccda1aeb700f0) Importer(815301076,1909f56bfc062723c751e8b465ee728b)  -> (artifact id: '39bc1469b98a7e42164ffa658dcc2a28') in 0.010511 seconds 
========================================================================
Received Import Request.
  Time since last request: 0.753078 seconds.
  path: Assets/Simple city plain/Material & Texture/Material mesh/tree leaf.mat
  artifactKey: Guid(45aa121491da72e4b8c0fcdb4533272d) Importer(815301076,1909f56bfc062723c751e8b465ee728b)
Start importing Assets/Simple city plain/Material & Texture/Material mesh/tree leaf.mat using Guid(45aa121491da72e4b8c0fcdb4533272d) Importer(815301076,1909f56bfc062723c751e8b465ee728b)  -> (artifact id: '9ccc9c035d5d337874801f6edd730b85') in 0.036043 seconds 
========================================================================
Received Prepare
Registering precompiled user dll's ...
Registered in 0.005585 seconds.
Begin MonoManager ReloadAssembly
Native extension for WindowsStandalone target not found
Refreshing native plugins compatible for Editor in 0.80 ms, found 2 plugins.
Preloading 0 native plugins for Editor in 0.00 ms.
Mono: successfully reloaded assembly
- Completed reload, in  2.135 seconds
Domain Reload Profiling:
	ReloadAssembly (2136ms)
		BeginReloadAssembly (236ms)
			ExecutionOrderSort (0ms)
			DisableScriptedObjects (9ms)
			BackupInstance (0ms)
			ReleaseScriptingObjects (0ms)
			CreateAndSetChildDomain (65ms)
		EndReloadAssembly (1752ms)
			LoadAssemblies (214ms)
			RebuildTransferFunctionScriptingTraits (0ms)
			SetupTypeCache (650ms)
			ReleaseScriptCaches (1ms)
			RebuildScriptCaches (89ms)
			SetupLoadedEditorAssemblies (576ms)
				LogAssemblyErrors (0ms)
				InitializePlatformSupportModulesInManaged (10ms)
				SetLoadedEditorAssemblies (3ms)
				RefreshPlugins (1ms)
				BeforeProcessingInitializeOnLoad (121ms)
				ProcessInitializeOnLoadAttributes (415ms)
				ProcessInitializeOnLoadMethodAttributes (17ms)
				AfterProcessingInitializeOnLoad (10ms)
				EditorAssembliesLoaded (1ms)
			ExecutionOrderSort2 (0ms)
			AwakeInstancesAfterBackupRestoration (13ms)
Platform modules already initialized, skipping
Refreshing native plugins compatible for Editor in 0.54 ms, found 2 plugins.
Preloading 0 native plugins for Editor in 0.00 ms.
Unloading 1496 Unused Serialized files (Serialized files now loaded: 0)
System memory in use before: 72.1 MB.
System memory in use after: 72.2 MB.

Unloading 11 unused Assets to reduce memory usage. Loaded Objects now: 1983.
Total: 4.383500 ms (FindLiveObjects: 0.242000 ms CreateObjectMapping: 0.096900 ms MarkObjects: 3.962600 ms  DeleteObjects: 0.080300 ms)

AssetImportParameters requested are different than current active one (requested -> active):
  custom:framework-win-MediaFoundation: 216162199b28c13a410421893ffa2e32 -> 
  custom:video-decoder-ogg-theora: a1e56fd34408186e4bbccfd4996cb3dc -> 
  custom:container-muxer-webm: aa71ff27fc2769a1b78a27578f13a17b -> 
  custom:container-demuxer-webm: 4f35f7cbe854078d1ac9338744f61a02 -> 
  custom:container-demuxer-ogg: 62fdf1f143b41e24485cea50d1cbac27 -> 
  custom:video-encoder-webm-vp8: eb34c28f22e8b96e1ab97ce403110664 -> 
  custom:video-codec-MediaFoundation-h265: 746d11721c4dcdbdad8f713fa42b33f4 -> 
  custom:video-decoder-webm-vp8: 9c59270c3fd7afecdb556c50c9e8de78 -> 
  custom:audio-decoder-ogg-vorbis: bf7c407c2cedff20999df2af8eb42d56 -> 
  custom:audio-encoder-webm-vorbis: bf7c407c2cedff20999df2af8eb42d56 -> 
========================================================================
Received Import Request.
  Time since last request: 1291.316407 seconds.
  path: Assets/Simple city plain/Mesh/Materials
  artifactKey: Guid(529e0590d3f63b243a6792a613e1ddc8) Importer(815301076,1909f56bfc062723c751e8b465ee728b)
Start importing Assets/Simple city plain/Mesh/Materials using Guid(529e0590d3f63b243a6792a613e1ddc8) Importer(815301076,1909f56bfc062723c751e8b465ee728b)  -> (artifact id: '589c716d743d459bb324a73d1489b360') in 0.007927 seconds 
========================================================================
Received Import Request.
  Time since last request: 0.078102 seconds.
  path: Assets/Simple city plain/Mesh/Materials/anger stone 1.mat
  artifactKey: Guid(028f87ba77b018647a7493d7e0d5d0fd) Importer(815301076,1909f56bfc062723c751e8b465ee728b)
Start importing Assets/Simple city plain/Mesh/Materials/anger stone 1.mat using Guid(028f87ba77b018647a7493d7e0d5d0fd) Importer(815301076,1909f56bfc062723c751e8b465ee728b)  -> (artifact id: '96db31de67de889857ec5b5365a732d6') in 0.050497 seconds 
========================================================================
Received Import Request.
  Time since last request: 0.000416 seconds.
  path: Assets/Simple city plain/Mesh/Materials/anger stone 2.mat
  artifactKey: Guid(89868101091586949969efafc543893e) Importer(815301076,1909f56bfc062723c751e8b465ee728b)
Start importing Assets/Simple city plain/Mesh/Materials/anger stone 2.mat using Guid(89868101091586949969efafc543893e) Importer(815301076,1909f56bfc062723c751e8b465ee728b)  -> (artifact id: 'e09e4855a94aa29614a92d70d5f07bb1') in 0.013374 seconds 
========================================================================
Received Import Request.
  Time since last request: 0.000284 seconds.
  path: Assets/Simple city plain/Mesh/Materials/congregate.mat
  artifactKey: Guid(1a8e754640b28884284435c06a8f6fe0) Importer(815301076,1909f56bfc062723c751e8b465ee728b)
Start importing Assets/Simple city plain/Mesh/Materials/congregate.mat using Guid(1a8e754640b28884284435c06a8f6fe0) Importer(815301076,1909f56bfc062723c751e8b465ee728b)  -> (artifact id: 'a77a2d1704e92714bb8aacc973304b19') in 0.011250 seconds 
========================================================================
Received Import Request.
  Time since last request: 0.000279 seconds.
  path: Assets/Simple city plain/Mesh/Materials/Brown.mat
  artifactKey: Guid(d9db85f9421124d4895e26ff0cb59eec) Importer(815301076,1909f56bfc062723c751e8b465ee728b)
Start importing Assets/Simple city plain/Mesh/Materials/Brown.mat using Guid(d9db85f9421124d4895e26ff0cb59eec) Importer(815301076,1909f56bfc062723c751e8b465ee728b)  -> (artifact id: '7377412e6b7e8613e6dcf4d6a7ca4f5c') in 0.014821 seconds 
========================================================================
Received Import Request.
  Time since last request: 0.000348 seconds.
  path: Assets/Simple city plain/Mesh/Materials/door 1.mat
  artifactKey: Guid(c775c07b7adaeb5499d663906059b054) Importer(815301076,1909f56bfc062723c751e8b465ee728b)
Start importing Assets/Simple city plain/Mesh/Materials/door 1.mat using Guid(c775c07b7adaeb5499d663906059b054) Importer(815301076,1909f56bfc062723c751e8b465ee728b)  -> (artifact id: '41bfe137b5b9d2d9aa78f298ee848041') in 0.012441 seconds 
========================================================================
Received Import Request.
  Time since last request: 0.000347 seconds.
  path: Assets/Simple city plain/Mesh/Materials/coke_machine_texture.mat
  artifactKey: Guid(fe63629f2647c4c40921db99bbf547bb) Importer(815301076,1909f56bfc062723c751e8b465ee728b)
Start importing Assets/Simple city plain/Mesh/Materials/coke_machine_texture.mat using Guid(fe63629f2647c4c40921db99bbf547bb) Importer(815301076,1909f56bfc062723c751e8b465ee728b)  -> (artifact id: 'fd666560cce3657a35b7f5d24d53e375') in 0.012290 seconds 
========================================================================
Received Import Request.
  Time since last request: 0.000246 seconds.
  path: Assets/Simple city plain/Mesh/Materials/big trash bin texture.mat
  artifactKey: Guid(940b0a778cb8e8a48915f15b01fff22e) Importer(815301076,1909f56bfc062723c751e8b465ee728b)
Start importing Assets/Simple city plain/Mesh/Materials/big trash bin texture.mat using Guid(940b0a778cb8e8a48915f15b01fff22e) Importer(815301076,1909f56bfc062723c751e8b465ee728b)  -> (artifact id: 'c5938ff452d334367bf17c8fee3b50d2') in 0.013010 seconds 
========================================================================
Received Import Request.
  Time since last request: 0.000303 seconds.
  path: Assets/Simple city plain/Mesh/Materials/Bench texture.mat
  artifactKey: Guid(6ef6374cb23a394459b528d9a44178ba) Importer(815301076,1909f56bfc062723c751e8b465ee728b)
Start importing Assets/Simple city plain/Mesh/Materials/Bench texture.mat using Guid(6ef6374cb23a394459b528d9a44178ba) Importer(815301076,1909f56bfc062723c751e8b465ee728b)  -> (artifact id: 'f8fb37f64c00fceb49944c307f45e9ef') in 0.013730 seconds 
========================================================================
Received Import Request.
  Time since last request: 0.000321 seconds.
  path: Assets/Simple city plain/Mesh/Materials/dirt.mat
  artifactKey: Guid(1a8bdf6d67f61c94ba03e5348da45add) Importer(815301076,1909f56bfc062723c751e8b465ee728b)
Start importing Assets/Simple city plain/Mesh/Materials/dirt.mat using Guid(1a8bdf6d67f61c94ba03e5348da45add) Importer(815301076,1909f56bfc062723c751e8b465ee728b)  -> (artifact id: '4870ca68416c78d7914f8b03235ceca0') in 0.011717 seconds 
========================================================================
Received Import Request.
  Time since last request: 0.958640 seconds.
  path: Assets/Simple city plain/Mesh/Materials/door 2.mat
  artifactKey: Guid(12ec5b9e9950953429a5cd7e55aa46dc) Importer(815301076,1909f56bfc062723c751e8b465ee728b)
Start importing Assets/Simple city plain/Mesh/Materials/door 2.mat using Guid(12ec5b9e9950953429a5cd7e55aa46dc) Importer(815301076,1909f56bfc062723c751e8b465ee728b)  -> (artifact id: '4e18f4a9e084b2fa324dc5f763b6700c') in 0.009560 seconds 
========================================================================
Received Import Request.
  Time since last request: 0.000367 seconds.
  path: Assets/Simple city plain/Mesh/Materials/Door.mat
  artifactKey: Guid(5e968b0e08b1de44cba770fbecfa8e58) Importer(815301076,1909f56bfc062723c751e8b465ee728b)
Start importing Assets/Simple city plain/Mesh/Materials/Door.mat using Guid(5e968b0e08b1de44cba770fbecfa8e58) Importer(815301076,1909f56bfc062723c751e8b465ee728b)  -> (artifact id: 'e8fa33bcc95aee99ffaad1ddfc458708') in 0.011587 seconds 
========================================================================
Received Import Request.
  Time since last request: 3.677851 seconds.
  path: Assets/Simple city plain/Mesh/Materials/Door_01.mat
  artifactKey: Guid(3de9b651f150f91459cffc97a7096ed4) Importer(815301076,1909f56bfc062723c751e8b465ee728b)
Start importing Assets/Simple city plain/Mesh/Materials/Door_01.mat using Guid(3de9b651f150f91459cffc97a7096ed4) Importer(815301076,1909f56bfc062723c751e8b465ee728b)  -> (artifact id: '76863960a10f2fc3d69fffb8c1d11aa3') in 0.009808 seconds 
========================================================================
Received Import Request.
  Time since last request: 0.000284 seconds.
  path: Assets/Simple city plain/Mesh/Materials/Door_02.mat
  artifactKey: Guid(bdbd7993f231a274aac87c7dc153ac6e) Importer(815301076,1909f56bfc062723c751e8b465ee728b)
Start importing Assets/Simple city plain/Mesh/Materials/Door_02.mat using Guid(bdbd7993f231a274aac87c7dc153ac6e) Importer(815301076,1909f56bfc062723c751e8b465ee728b)  -> (artifact id: '6487dd399d7d142099bea7448d81cc44') in 0.012068 seconds 
========================================================================
Received Import Request.
  Time since last request: 0.400265 seconds.
  path: Assets/Simple city plain/Mesh/Materials/Door_03.mat
  artifactKey: Guid(656fa2ab5580fe44b8133994a146263f) Importer(815301076,1909f56bfc062723c751e8b465ee728b)
Start importing Assets/Simple city plain/Mesh/Materials/Door_03.mat using Guid(656fa2ab5580fe44b8133994a146263f) Importer(815301076,1909f56bfc062723c751e8b465ee728b)  -> (artifact id: '34ca3fb17f476ec96a0e587a2b7687cd') in 0.009686 seconds 
========================================================================
Received Import Request.
  Time since last request: 0.000292 seconds.
  path: Assets/Simple city plain/Mesh/Materials/Door_04.mat
  artifactKey: Guid(7ff83aef8a29e6a40b1e31407750d59a) Importer(815301076,1909f56bfc062723c751e8b465ee728b)
Start importing Assets/Simple city plain/Mesh/Materials/Door_04.mat using Guid(7ff83aef8a29e6a40b1e31407750d59a) Importer(815301076,1909f56bfc062723c751e8b465ee728b)  -> (artifact id: 'a2ce80b053dc811e2f16f60e0410e561') in 0.014757 seconds 
========================================================================
Received Import Request.
  Time since last request: 1.238073 seconds.
  path: Assets/Simple city plain/Mesh/Materials/Door_05.mat
  artifactKey: Guid(bd657a02f185464469b2f1a49c615058) Importer(815301076,1909f56bfc062723c751e8b465ee728b)
Start importing Assets/Simple city plain/Mesh/Materials/Door_05.mat using Guid(bd657a02f185464469b2f1a49c615058) Importer(815301076,1909f56bfc062723c751e8b465ee728b)  -> (artifact id: 'b9515b22fcd1eb1bfd95fb295257fe11') in 0.011734 seconds 
========================================================================
Received Import Request.
  Time since last request: 0.000505 seconds.
  path: Assets/Simple city plain/Mesh/Materials/Facade.mat
  artifactKey: Guid(12547c89148048d4a99e4b7f67ec5691) Importer(815301076,1909f56bfc062723c751e8b465ee728b)
Start importing Assets/Simple city plain/Mesh/Materials/Facade.mat using Guid(12547c89148048d4a99e4b7f67ec5691) Importer(815301076,1909f56bfc062723c751e8b465ee728b)  -> (artifact id: '00464d351a15973514d4af5a82a882ab') in 0.012824 seconds 
========================================================================
Received Import Request.
  Time since last request: 0.380759 seconds.
  path: Assets/Simple city plain/Mesh/Materials/Facade_01.mat
  artifactKey: Guid(de28bd7c71a7ead4aa706c1d5b8a7077) Importer(815301076,1909f56bfc062723c751e8b465ee728b)
Start importing Assets/Simple city plain/Mesh/Materials/Facade_01.mat using Guid(de28bd7c71a7ead4aa706c1d5b8a7077) Importer(815301076,1909f56bfc062723c751e8b465ee728b)  -> (artifact id: '3355191ced3dd032619579c383c267b4') in 0.009173 seconds 
========================================================================
Received Import Request.
  Time since last request: 0.000391 seconds.
  path: Assets/Simple city plain/Mesh/Materials/Facade_02.mat
  artifactKey: Guid(a8ac661dd28bb6943a3d1b7a6d4c8e79) Importer(815301076,1909f56bfc062723c751e8b465ee728b)
Start importing Assets/Simple city plain/Mesh/Materials/Facade_02.mat using Guid(a8ac661dd28bb6943a3d1b7a6d4c8e79) Importer(815301076,1909f56bfc062723c751e8b465ee728b)  -> (artifact id: '085f8598dec0cd4391324837a0c99297') in 0.013263 seconds 
========================================================================
Received Import Request.
  Time since last request: 0.423302 seconds.
  path: Assets/Simple city plain/Mesh/Materials/fire_escape_01.mat
  artifactKey: Guid(8127d94a665257a43b75a061c4891685) Importer(815301076,1909f56bfc062723c751e8b465ee728b)
Start importing Assets/Simple city plain/Mesh/Materials/fire_escape_01.mat using Guid(8127d94a665257a43b75a061c4891685) Importer(815301076,1909f56bfc062723c751e8b465ee728b)  -> (artifact id: '5290261685c1467384e57ad799159bf0') in 0.011107 seconds 
========================================================================
Received Import Request.
  Time since last request: 0.000382 seconds.
  path: Assets/Simple city plain/Mesh/Materials/fire_escape_02.mat
  artifactKey: Guid(6701dfdec77083d4e933ec4caed60e63) Importer(815301076,1909f56bfc062723c751e8b465ee728b)
Start importing Assets/Simple city plain/Mesh/Materials/fire_escape_02.mat using Guid(6701dfdec77083d4e933ec4caed60e63) Importer(815301076,1909f56bfc062723c751e8b465ee728b)  -> (artifact id: '845e093a0d012667e7cddb3751369e82') in 0.013278 seconds 
========================================================================
Received Import Request.
  Time since last request: 1.893711 seconds.
  path: Assets/Simple city plain/Mesh/Materials/Fire_escape_03.mat
  artifactKey: Guid(14a773d82b1028c45b94d58832930237) Importer(815301076,1909f56bfc062723c751e8b465ee728b)
Start importing Assets/Simple city plain/Mesh/Materials/Fire_escape_03.mat using Guid(14a773d82b1028c45b94d58832930237) Importer(815301076,1909f56bfc062723c751e8b465ee728b)  -> (artifact id: '5fa7d61f3e37a7dd42087310e72544db') in 0.010950 seconds 
========================================================================
Received Import Request.
  Time since last request: 0.000471 seconds.
  path: Assets/Simple city plain/Mesh/Materials/Fire_escape_04.mat
  artifactKey: Guid(00b553b72a9d8c44fbf4b8de4af2f1c7) Importer(815301076,1909f56bfc062723c751e8b465ee728b)
Start importing Assets/Simple city plain/Mesh/Materials/Fire_escape_04.mat using Guid(00b553b72a9d8c44fbf4b8de4af2f1c7) Importer(815301076,1909f56bfc062723c751e8b465ee728b)  -> (artifact id: '5c7b1fe033be5bc036d919c83978b515') in 0.012293 seconds 
========================================================================
Received Import Request.
  Time since last request: 0.396883 seconds.
  path: Assets/Simple city plain/Mesh/Materials/Floor.mat
  artifactKey: Guid(cc3e1727ed58225458242ddfd26c1b86) Importer(815301076,1909f56bfc062723c751e8b465ee728b)
Start importing Assets/Simple city plain/Mesh/Materials/Floor.mat using Guid(cc3e1727ed58225458242ddfd26c1b86) Importer(815301076,1909f56bfc062723c751e8b465ee728b)  -> (artifact id: 'f39e568526b23c396df2d4e02aee7286') in 0.009224 seconds 
========================================================================
Received Import Request.
  Time since last request: 0.000168 seconds.
  path: Assets/Simple city plain/Mesh/Materials/Gold.mat
  artifactKey: Guid(bf13fc8174586a84888350dd75389cd7) Importer(815301076,1909f56bfc062723c751e8b465ee728b)
Start importing Assets/Simple city plain/Mesh/Materials/Gold.mat using Guid(bf13fc8174586a84888350dd75389cd7) Importer(815301076,1909f56bfc062723c751e8b465ee728b)  -> (artifact id: '943324951f3c62fa0a9388f41cb3e8ce') in 0.012227 seconds 
========================================================================
Received Import Request.
  Time since last request: 0.065799 seconds.
  path: Assets/Simple city plain/Mesh/Materials/Grass.mat
  artifactKey: Guid(d29a822f341bbfa40940993a3fcc4504) Importer(815301076,1909f56bfc062723c751e8b465ee728b)
Start importing Assets/Simple city plain/Mesh/Materials/Grass.mat using Guid(d29a822f341bbfa40940993a3fcc4504) Importer(815301076,1909f56bfc062723c751e8b465ee728b)  -> (artifact id: '65dc83f8413ad2f2b573d300ce444144') in 0.009696 seconds 
========================================================================
Received Import Request.
  Time since last request: 0.000445 seconds.
  path: Assets/Simple city plain/Mesh/Materials/Grid.mat
  artifactKey: Guid(f936cd9bb864c2f4d948ef993aa9bc48) Importer(815301076,1909f56bfc062723c751e8b465ee728b)
Start importing Assets/Simple city plain/Mesh/Materials/Grid.mat using Guid(f936cd9bb864c2f4d948ef993aa9bc48) Importer(815301076,1909f56bfc062723c751e8b465ee728b)  -> (artifact id: '81718156283f8e0fb3c634335185f1b2') in 0.010649 seconds 
========================================================================
Received Import Request.
  Time since last request: 0.874883 seconds.
  path: Assets/Simple city plain/Mesh/Materials/Grid_texture.mat
  artifactKey: Guid(5451886518da3c1409f18a3197453470) Importer(815301076,1909f56bfc062723c751e8b465ee728b)
Start importing Assets/Simple city plain/Mesh/Materials/Grid_texture.mat using Guid(5451886518da3c1409f18a3197453470) Importer(815301076,1909f56bfc062723c751e8b465ee728b)  -> (artifact id: 'ab08a73cb2f42f09e82c5d0be1637ac3') in 0.012788 seconds 
========================================================================
Received Import Request.
  Time since last request: 0.000277 seconds.
  path: Assets/Simple city plain/Mesh/Materials/Leaf.mat
  artifactKey: Guid(706b94ce547a7b441b254a13b1f4ce7d) Importer(815301076,1909f56bfc062723c751e8b465ee728b)
Start importing Assets/Simple city plain/Mesh/Materials/Leaf.mat using Guid(706b94ce547a7b441b254a13b1f4ce7d) Importer(815301076,1909f56bfc062723c751e8b465ee728b)  -> (artifact id: 'e9eb7c16f3fe9781626c1a170ae03254') in 0.012299 seconds 
========================================================================
Received Import Request.
  Time since last request: 0.019567 seconds.
  path: Assets/Simple city plain/Mesh/Materials/leafes.mat
  artifactKey: Guid(1605eb0a03cc3654daa3a83bef551442) Importer(815301076,1909f56bfc062723c751e8b465ee728b)
Start importing Assets/Simple city plain/Mesh/Materials/leafes.mat using Guid(1605eb0a03cc3654daa3a83bef551442) Importer(815301076,1909f56bfc062723c751e8b465ee728b)  -> (artifact id: 'ba3743664506672992a81b050f50bb87') in 0.011533 seconds 
========================================================================
Received Import Request.
  Time since last request: 0.000383 seconds.
  path: Assets/Simple city plain/Mesh/Materials/light.mat
  artifactKey: Guid(2867b918392f7d54293f381ad2f5e7b1) Importer(815301076,1909f56bfc062723c751e8b465ee728b)
Start importing Assets/Simple city plain/Mesh/Materials/light.mat using Guid(2867b918392f7d54293f381ad2f5e7b1) Importer(815301076,1909f56bfc062723c751e8b465ee728b)  -> (artifact id: '22e88f4d8805109a61bde8cd01b5d2db') in 0.011395 seconds 
========================================================================
Received Import Request.
  Time since last request: 0.021843 seconds.
  path: Assets/Simple city plain/Mesh/Materials/Material.mat
  artifactKey: Guid(c40e5d9bd347dcd4db6f357b6762e005) Importer(815301076,1909f56bfc062723c751e8b465ee728b)
Start importing Assets/Simple city plain/Mesh/Materials/Material.mat using Guid(c40e5d9bd347dcd4db6f357b6762e005) Importer(815301076,1909f56bfc062723c751e8b465ee728b)  -> (artifact id: 'e98dcb93c45db692ab86d4da586dcb02') in 0.010526 seconds 
========================================================================
Received Import Request.
  Time since last request: 0.000358 seconds.
  path: Assets/Simple city plain/Mesh/Materials/metal.mat
  artifactKey: Guid(a48389ec51ccb144390a505cd391270c) Importer(815301076,1909f56bfc062723c751e8b465ee728b)
Start importing Assets/Simple city plain/Mesh/Materials/metal.mat using Guid(a48389ec51ccb144390a505cd391270c) Importer(815301076,1909f56bfc062723c751e8b465ee728b)  -> (artifact id: '6fb060aa17915f21fe5b8dddc993237c') in 0.012040 seconds 
========================================================================
Received Import Request.
  Time since last request: 0.368433 seconds.
  path: Assets/Simple city plain/Mesh/Materials/Metal_02.mat
  artifactKey: Guid(aa57f097a3abe8e4b98df5c9c2ac578c) Importer(815301076,1909f56bfc062723c751e8b465ee728b)
Start importing Assets/Simple city plain/Mesh/Materials/Metal_02.mat using Guid(aa57f097a3abe8e4b98df5c9c2ac578c) Importer(815301076,1909f56bfc062723c751e8b465ee728b)  -> (artifact id: '603997285aa03ead61d5dec53d4657bd') in 0.010339 seconds 
========================================================================
Received Import Request.
  Time since last request: 0.000235 seconds.
  path: Assets/Simple city plain/Mesh/Materials/parking meter texture.mat
  artifactKey: Guid(8225e77e65cc0234eb4b9e03dc0601fa) Importer(815301076,1909f56bfc062723c751e8b465ee728b)
Start importing Assets/Simple city plain/Mesh/Materials/parking meter texture.mat using Guid(8225e77e65cc0234eb4b9e03dc0601fa) Importer(815301076,1909f56bfc062723c751e8b465ee728b)  -> (artifact id: 'f9e576ef776870fbe83ef7c6293a6402') in 0.013835 seconds 
========================================================================
Received Import Request.
  Time since last request: 0.019515 seconds.
  path: Assets/Simple city plain/Mesh/Materials/Pole.mat
  artifactKey: Guid(f893f95dd23cec845b487812053c835d) Importer(815301076,1909f56bfc062723c751e8b465ee728b)
Start importing Assets/Simple city plain/Mesh/Materials/Pole.mat using Guid(f893f95dd23cec845b487812053c835d) Importer(815301076,1909f56bfc062723c751e8b465ee728b)  -> (artifact id: '0092e441a5d6f7d80fcf32089be3f8ae') in 0.010081 seconds 
========================================================================
Received Import Request.
  Time since last request: 0.000368 seconds.
  path: Assets/Simple city plain/Mesh/Materials/Pot.mat
  artifactKey: Guid(8697b8e206c6a7e4a93788d2720bf76b) Importer(815301076,1909f56bfc062723c751e8b465ee728b)
Start importing Assets/Simple city plain/Mesh/Materials/Pot.mat using Guid(8697b8e206c6a7e4a93788d2720bf76b) Importer(815301076,1909f56bfc062723c751e8b465ee728b)  -> (artifact id: '737dc8c173bdf8328ea319dceaad5279') in 0.013743 seconds 
========================================================================
Received Import Request.
  Time since last request: 0.236863 seconds.
  path: Assets/Simple city plain/Mesh/Materials/railing.mat
  artifactKey: Guid(9937eeeaa9dbcf148b8fa2366697ba67) Importer(815301076,1909f56bfc062723c751e8b465ee728b)
Start importing Assets/Simple city plain/Mesh/Materials/railing.mat using Guid(9937eeeaa9dbcf148b8fa2366697ba67) Importer(815301076,1909f56bfc062723c751e8b465ee728b)  -> (artifact id: 'b0b4f2f2cf1fcb6b2b6004f9f96668ab') in 0.010520 seconds 
========================================================================
Received Import Request.
  Time since last request: 0.000327 seconds.
  path: Assets/Simple city plain/Mesh/Materials/roof 1.mat
  artifactKey: Guid(64e5baa8970a8a545a94a1091630350a) Importer(815301076,1909f56bfc062723c751e8b465ee728b)
Start importing Assets/Simple city plain/Mesh/Materials/roof 1.mat using Guid(64e5baa8970a8a545a94a1091630350a) Importer(815301076,1909f56bfc062723c751e8b465ee728b)  -> (artifact id: 'd91d2e473de2fa5efc7ddf0b53e4c87d') in 0.013035 seconds 
========================================================================
Received Import Request.
  Time since last request: 0.000265 seconds.
  path: Assets/Simple city plain/Mesh/Materials/roof 2.mat
  artifactKey: Guid(cebf534ba97a5914abd3c60e894c519b) Importer(815301076,1909f56bfc062723c751e8b465ee728b)
Start importing Assets/Simple city plain/Mesh/Materials/roof 2.mat using Guid(cebf534ba97a5914abd3c60e894c519b) Importer(815301076,1909f56bfc062723c751e8b465ee728b)  -> (artifact id: 'c1d60ebed635ea6463dec4a592ddb856') in 0.013417 seconds 
========================================================================
Received Import Request.
  Time since last request: 0.000366 seconds.
  path: Assets/Simple city plain/Mesh/Materials/Roof.001.mat
  artifactKey: Guid(be4c8303113dad341a7574df0f089b01) Importer(815301076,1909f56bfc062723c751e8b465ee728b)
Start importing Assets/Simple city plain/Mesh/Materials/Roof.001.mat using Guid(be4c8303113dad341a7574df0f089b01) Importer(815301076,1909f56bfc062723c751e8b465ee728b)  -> (artifact id: '50d33d85137b734fdd9e6653104bf84a') in 0.012478 seconds 
========================================================================
Received Import Request.
  Time since last request: 0.336673 seconds.
  path: Assets/Simple city plain/Mesh/Materials/Roof.mat
  artifactKey: Guid(481dedc50330c814db39f3cd797a24ef) Importer(815301076,1909f56bfc062723c751e8b465ee728b)
Start importing Assets/Simple city plain/Mesh/Materials/Roof.mat using Guid(481dedc50330c814db39f3cd797a24ef) Importer(815301076,1909f56bfc062723c751e8b465ee728b)  -> (artifact id: 'a2234720767fd56ccf77ae3ba5637f23') in 0.014681 seconds 
========================================================================
Received Import Request.
  Time since last request: 0.000443 seconds.
  path: Assets/Simple city plain/Mesh/Materials/Roof_01.mat
  artifactKey: Guid(47bd81915a447bd48853d0acc2d448ed) Importer(815301076,1909f56bfc062723c751e8b465ee728b)
Start importing Assets/Simple city plain/Mesh/Materials/Roof_01.mat using Guid(47bd81915a447bd48853d0acc2d448ed) Importer(815301076,1909f56bfc062723c751e8b465ee728b)  -> (artifact id: 'dfdcdd451614263e7d9b408b69a9fc9f') in 0.013896 seconds 
========================================================================
Received Import Request.
  Time since last request: 0.019069 seconds.
  path: Assets/Simple city plain/Mesh/Materials/Roof_02.mat
  artifactKey: Guid(bc9ca64d51ecb794d8c10375ca6da0e4) Importer(815301076,1909f56bfc062723c751e8b465ee728b)
Start importing Assets/Simple city plain/Mesh/Materials/Roof_02.mat using Guid(bc9ca64d51ecb794d8c10375ca6da0e4) Importer(815301076,1909f56bfc062723c751e8b465ee728b)  -> (artifact id: '9538b4227722aeab0a035ffc998bf69e') in 0.011098 seconds 
========================================================================
Received Import Request.
  Time since last request: 0.000440 seconds.
  path: Assets/Simple city plain/Mesh/Materials/Roof_03.mat
  artifactKey: Guid(aa434df0fb8b1cb44b5562663af9dca7) Importer(815301076,1909f56bfc062723c751e8b465ee728b)
Start importing Assets/Simple city plain/Mesh/Materials/Roof_03.mat using Guid(aa434df0fb8b1cb44b5562663af9dca7) Importer(815301076,1909f56bfc062723c751e8b465ee728b)  -> (artifact id: '2bd32d9f3edf09863ebcdbc73d9d8ea0') in 0.021105 seconds 
========================================================================
Received Import Request.
  Time since last request: 0.301859 seconds.
  path: Assets/Simple city plain/Mesh/Materials/Roof_04.mat
  artifactKey: Guid(48006e5ef0d644847bf596c9f0370795) Importer(815301076,1909f56bfc062723c751e8b465ee728b)
Start importing Assets/Simple city plain/Mesh/Materials/Roof_04.mat using Guid(48006e5ef0d644847bf596c9f0370795) Importer(815301076,1909f56bfc062723c751e8b465ee728b)  -> (artifact id: '97ea3cadcf0a5f00586aab14783e4b3d') in 0.009673 seconds 
========================================================================
Received Import Request.
  Time since last request: 0.000257 seconds.
  path: Assets/Simple city plain/Mesh/Materials/SideWalk.005.mat
  artifactKey: Guid(bcf799ddf74a2124f98ca66507c312aa) Importer(815301076,1909f56bfc062723c751e8b465ee728b)
Start importing Assets/Simple city plain/Mesh/Materials/SideWalk.005.mat using Guid(bcf799ddf74a2124f98ca66507c312aa) Importer(815301076,1909f56bfc062723c751e8b465ee728b)  -> (artifact id: '64206caa012d45fdfe42458bb73e1a4b') in 0.012655 seconds 
========================================================================
Received Import Request.
  Time since last request: 0.014978 seconds.
  path: Assets/Simple city plain/Mesh/Materials/Sideway.005.mat
  artifactKey: Guid(b413c82be4c126248ae9fd1c0daa0024) Importer(815301076,1909f56bfc062723c751e8b465ee728b)
Start importing Assets/Simple city plain/Mesh/Materials/Sideway.005.mat using Guid(b413c82be4c126248ae9fd1c0daa0024) Importer(815301076,1909f56bfc062723c751e8b465ee728b)  -> (artifact id: '370ad18c904e9b3721e80d1f6bec773f') in 0.010545 seconds 
========================================================================
Received Import Request.
  Time since last request: 0.000315 seconds.
  path: Assets/Simple city plain/Mesh/Materials/stairs.mat
  artifactKey: Guid(31e85bdee555bfc4db6e036bbfcd34c4) Importer(815301076,1909f56bfc062723c751e8b465ee728b)
Start importing Assets/Simple city plain/Mesh/Materials/stairs.mat using Guid(31e85bdee555bfc4db6e036bbfcd34c4) Importer(815301076,1909f56bfc062723c751e8b465ee728b)  -> (artifact id: '77748d71d8fc66ab4360f576c41d5132') in 0.012368 seconds 
========================================================================
Received Import Request.
  Time since last request: 0.310730 seconds.
  path: Assets/Simple city plain/Mesh/Materials/Stone.mat
  artifactKey: Guid(66368821504396540a3f0be9cff89e8b) Importer(815301076,1909f56bfc062723c751e8b465ee728b)
Start importing Assets/Simple city plain/Mesh/Materials/Stone.mat using Guid(66368821504396540a3f0be9cff89e8b) Importer(815301076,1909f56bfc062723c751e8b465ee728b)  -> (artifact id: '8b6141ed1d42104584aa0c92d1b4a52a') in 0.008945 seconds 
========================================================================
Received Import Request.
  Time since last request: 0.000356 seconds.
  path: Assets/Simple city plain/Mesh/Materials/Stone_01.mat
  artifactKey: Guid(5516d6171000aa941a5f7186116ef18b) Importer(815301076,1909f56bfc062723c751e8b465ee728b)
Start importing Assets/Simple city plain/Mesh/Materials/Stone_01.mat using Guid(5516d6171000aa941a5f7186116ef18b) Importer(815301076,1909f56bfc062723c751e8b465ee728b)  -> (artifact id: '89b21b77133f7b10f24469a3757d9db4') in 0.011487 seconds 
========================================================================
Received Import Request.
  Time since last request: 0.057922 seconds.
  path: Assets/Simple city plain/Mesh/Materials/Stone_02.mat
  artifactKey: Guid(8cc791f302f3eb04a8b1544775950f89) Importer(815301076,1909f56bfc062723c751e8b465ee728b)
Start importing Assets/Simple city plain/Mesh/Materials/Stone_02.mat using Guid(8cc791f302f3eb04a8b1544775950f89) Importer(815301076,1909f56bfc062723c751e8b465ee728b)  -> (artifact id: 'e6d54f08dbeefaf608a02cdb7b3c92a1') in 0.012288 seconds 
========================================================================
Received Import Request.
  Time since last request: 0.000353 seconds.
  path: Assets/Simple city plain/Mesh/Materials/Surface.mat
  artifactKey: Guid(de36e7cd358b9424b8d2aa403867d9f8) Importer(815301076,1909f56bfc062723c751e8b465ee728b)
Start importing Assets/Simple city plain/Mesh/Materials/Surface.mat using Guid(de36e7cd358b9424b8d2aa403867d9f8) Importer(815301076,1909f56bfc062723c751e8b465ee728b)  -> (artifact id: 'fde2c3bcb42da6fa6f7b51f0a3f52192') in 0.012958 seconds 
========================================================================
Received Prepare
Registering precompiled user dll's ...
Registered in 0.028358 seconds.
Begin MonoManager ReloadAssembly
Native extension for WindowsStandalone target not found
Refreshing native plugins compatible for Editor in 0.54 ms, found 2 plugins.
Preloading 0 native plugins for Editor in 0.00 ms.
Mono: successfully reloaded assembly
- Completed reload, in  4.500 seconds
Domain Reload Profiling:
	ReloadAssembly (4518ms)
		BeginReloadAssembly (2804ms)
			ExecutionOrderSort (0ms)
			DisableScriptedObjects (94ms)
			BackupInstance (0ms)
			ReleaseScriptingObjects (0ms)
			CreateAndSetChildDomain (751ms)
		EndReloadAssembly (1532ms)
			LoadAssemblies (1535ms)
			RebuildTransferFunctionScriptingTraits (1ms)
			SetupTypeCache (672ms)
			ReleaseScriptCaches (1ms)
			RebuildScriptCaches (64ms)
			SetupLoadedEditorAssemblies (450ms)
				LogAssemblyErrors (0ms)
				InitializePlatformSupportModulesInManaged (10ms)
				SetLoadedEditorAssemblies (1ms)
				RefreshPlugins (1ms)
				BeforeProcessingInitializeOnLoad (67ms)
				ProcessInitializeOnLoadAttributes (346ms)
				ProcessInitializeOnLoadMethodAttributes (16ms)
				AfterProcessingInitializeOnLoad (9ms)
				EditorAssembliesLoaded (1ms)
			ExecutionOrderSort2 (0ms)
			AwakeInstancesAfterBackupRestoration (11ms)
Platform modules already initialized, skipping
Refreshing native plugins compatible for Editor in 0.55 ms, found 2 plugins.
Preloading 0 native plugins for Editor in 0.00 ms.
Unloading 1496 Unused Serialized files (Serialized files now loaded: 0)
System memory in use before: 72.2 MB.
System memory in use after: 72.3 MB.

Unloading 11 unused Assets to reduce memory usage. Loaded Objects now: 1986.
Total: 7.094600 ms (FindLiveObjects: 0.477100 ms CreateObjectMapping: 0.076400 ms MarkObjects: 6.380800 ms  DeleteObjects: 0.158500 ms)

AssetImportParameters requested are different than current active one (requested -> active):
  custom:framework-win-MediaFoundation: 216162199b28c13a410421893ffa2e32 -> 
  custom:video-decoder-ogg-theora: a1e56fd34408186e4bbccfd4996cb3dc -> 
  custom:container-muxer-webm: aa71ff27fc2769a1b78a27578f13a17b -> 
  custom:container-demuxer-webm: 4f35f7cbe854078d1ac9338744f61a02 -> 
  custom:container-demuxer-ogg: 62fdf1f143b41e24485cea50d1cbac27 -> 
  custom:video-encoder-webm-vp8: eb34c28f22e8b96e1ab97ce403110664 -> 
  custom:video-codec-MediaFoundation-h265: 746d11721c4dcdbdad8f713fa42b33f4 -> 
  custom:video-decoder-webm-vp8: 9c59270c3fd7afecdb556c50c9e8de78 -> 
  custom:audio-decoder-ogg-vorbis: bf7c407c2cedff20999df2af8eb42d56 -> 
  custom:audio-encoder-webm-vorbis: bf7c407c2cedff20999df2af8eb42d56 -> 
AssetImportWorkerClient::OnTransportError - code=2 error=End of file
